<?xml version='1.0' encoding='UTF-8'?>
<testsuite hostname="DESKTOP-EOG0K0L" name="edu.neu.coe.csye7200.asstfc.FunctionSpec" tests="8" errors="0" failures="0" skipped="0" time="0.043" timestamp="2024-03-10T20:23:44">
          <properties>
      <property name="java.specification.version" value="17"/><property name="sun.cpu.isalist" value="amd64"/><property name="sun.jnu.encoding" value="GBK"/><property name="sun.arch.data.model" value="64"/><property name="java.vendor.url" value="https://java.oracle.com/"/><property name="sun.boot.library.path" value="C:\Program Files\Java\jdk-17\bin"/><property name="sun.java.command" value="xsbt.boot.Boot test run"/><property name="jdk.debug" value="release"/><property name="sun.stderr.encoding" value="ms936"/><property name="java.specification.vendor" value="Oracle Corporation"/><property name="java.version.date" value="2024-01-16"/><property name="java.home" value="C:\Program Files\Java\jdk-17"/><property name="file.separator" value="\"/><property name="java.vm.compressedOopsMode" value="32-bit"/><property name="line.separator" value="
"/><property name="sun.stdout.encoding" value="ms936"/><property name="java.vm.specification.vendor" value="Oracle Corporation"/><property name="java.specification.name" value="Java Platform API Specification"/><property name="user.script" value=""/><property name="sun.management.compiler" value="HotSpot 64-Bit Tiered Compilers"/><property name="java.runtime.version" value="17.0.10+11-LTS-240"/><property name="user.name" value="janfa"/><property name="log4j.ignoreTCL" value="true"/><property name="file.encoding" value="UTF-8"/><property name="jnidispatch.path" value="C:\Users\janfa\AppData\Local\Temp\jna-100891922\jna5681380503729406268.dll"/><property name="jna.loaded" value="true"/><property name="java.io.tmpdir" value="C:\Users\janfa\AppData\Local\Temp\"/><property name="java.version" value="17.0.10"/><property name="java.vm.specification.name" value="Java Virtual Machine Specification"/><property name="sun.os.patch.level" value=""/><property name="native.encoding" value="GBK"/><property name="java.library.path" value="C:\Program Files\Java\jdk-17\bin;C:\Windows\Sun\Java\bin;C:\Windows\system32;C:\Windows;C:\Program Files\Java\jdk-17\bin;C:\Program Files (x86)\Common Files\Intel\Shared Libraries\redist\intel64\compiler;C:\Windows\system32;C:\Program Files\Java\jdk-17\bin;C:\Program Files (x86)\Common Files\Intel\Shared Libraries\redist\intel64_win\compiler;C:\Windows;C:\Windows\System32\Wbem;C:\Windows\System32\WindowsPowerShell\v1.0\;C:\Windows\System32\OpenSSH\;C:\Program Files\Microsoft SQL Server\130\Tools\Binn\;C:\Program Files\Common Files\Autodesk Shared\;C:\Program Files\Microsoft SQL Server\120\Tools\Binn\;C:\Program Files\nodejs\;C:\Program Files (x86)\Yarn\bin\;C:\sqlite3;C:\Program Files\NVIDIA Corporation\NVIDIA NvDLISR;C:\Program Files (x86)\NVIDIA Corporation\PhysX\Common;C:\Program Files\Git LFS;C:\Program Files\dotnet\;C:\Program Files\Git\cmd;C:\dev\flutter_windows_3.13.5-stable\flutter\bin;C:\dart\dart-sdk\bin;C:\Program Files (x86)\scala\bin;C:\Program Files (x86)\sbt\bin;C:\Users\janfa\AppData\Local\Coursier\data\bin;%HADOOP%\bin;C:\Ruby27-x64\bin;C:\RailsInstaller\Git\cmd;C:\RailsInstaller\Ruby2.3.3\bin;C:\Program Files\MySQL\MySQL Shell 8.0\bin\;C:\Users\janfa\AppData\Local\Programs\Python\Python38-32\Scripts\;C:\Users\janfa\AppData\Local\Programs\Python\Python38-32\;C:\Users\janfa\AppData\Local\Microsoft\WindowsApps;C:\MinGW\bin;C:\Users\janfa\AppData\Local\Programs\Microsoft VS Code\bin;C:\Users\janfa\AppData\Roaming\npm;C:\Users\janfa\AppData\Local\Yarn\bin;C:\Users\janfa\AppData\Local\Programs\MiKTeX\miktex\bin\x64\;C:\Users\janfa\AppData\Local\GitHubDesktop\bin;C:\Program Files\JetBrains\IntelliJ IDEA 2023.3.2\bin;C:\Users\janfa\AppData\Local\Coursier\data\bin;C:\hadoop\bin;C:\Program Files\spark-3.5\spark-3.5.0-bin-hadoop3\bin;;."/><property name="java.vendor" value="Oracle Corporation"/><property name="scala.ext.dirs" value="C:\Users\janfa\.sbt\1.0\java9-rt-ext-oracle_corporation_17_0_10"/><property name="sun.io.unicode.encoding" value="UnicodeLittle"/><property name="java.class.path" value="C:\Program Files (x86)\sbt\\bin\sbt-launch.jar"/><property name="java.vm.vendor" value="Oracle Corporation"/><property name="user.variant" value=""/><property name="jline.shutdownhook" value="false"/><property name="user.timezone" value="America/New_York"/><property name="java.vm.specification.version" value="17"/><property name="os.name" value="Windows 10"/><property name="sun.java.launcher" value="SUN_STANDARD"/><property name="user.country" value="CN"/><property name="sun.cpu.endian" value="little"/><property name="user.home" value="C:\Users\janfa"/><property name="user.language" value="zh"/><property name="sbt.ipcsocket.tmpdir" value="C:\Users\janfa\AppData\Local\Temp\.sbt1d965b5d\ipcsocket"/><property name="swoval.tmpdir" value="C:\Users\janfa\AppData\Local\Temp\.sbt1d965b5d\swoval"/><property name="jline.esc.timeout" value="0"/><property name="path.separator" value=";"/><property name="os.version" value="10.0"/><property name="jna.nosys" value="true"/><property name="java.runtime.name" value="Java(TM) SE Runtime Environment"/><property name="java.vm.name" value="Java HotSpot(TM) 64-Bit Server VM"/><property name="java.vendor.url.bug" value="https://bugreport.java.com/bugreport/"/><property name="user.dir" value="C:\CSYE7200\CSYE7200-HW5\assignment-functional-composition"/><property name="os.arch" value="amd64"/><property name="java.vm.info" value="mixed mode, sharing"/><property name="java.vm.version" value="17.0.10+11-LTS-240"/><property name="java.class.version" value="61.0"/>
    </properties>
          <testcase classname="edu.neu.coe.csye7200.asstfc.FunctionSpec" name="map2 should match Success(1234) for parse &quot;12&quot; to int and parse &quot;34&quot; to int,with (a:Int,b:Int) =&gt; a.toString()+b.toString()" time="0.021">
                      
                    </testcase><testcase classname="edu.neu.coe.csye7200.asstfc.FunctionSpec" name="map2 should fail for &quot;&quot;, Int" time="0.007">
                      
                    </testcase><testcase classname="edu.neu.coe.csye7200.asstfc.FunctionSpec" name="map7 should success" time="0.005">
                      
                    </testcase><testcase classname="edu.neu.coe.csye7200.asstfc.FunctionSpec" name="map7 should fail with bad input" time="0.001">
                      
                    </testcase><testcase classname="edu.neu.coe.csye7200.asstfc.FunctionSpec" name="invert2 should work" time="0.003">
                      
                    </testcase><testcase classname="edu.neu.coe.csye7200.asstfc.FunctionSpec" name="invert3 should work" time="0.003">
                      
                    </testcase><testcase classname="edu.neu.coe.csye7200.asstfc.FunctionSpec" name="invert4 should work" time="0.001">
                      
                    </testcase><testcase classname="edu.neu.coe.csye7200.asstfc.FunctionSpec" name="uncurried2 should work" time="0.002">
                      
                    </testcase>
          <system-out><![CDATA[]]></system-out>
          <system-err><![CDATA[]]></system-err>
        </testsuite>